

HI-TECH Software Macro Assembler (PIC18) V9.63PL3 build 4692 
                                                       Wed Nov 17 09:00:17 2021


     1                           
     2                           	; HI-TECH C PRO for the PIC18 MCU Family V9.63P
                                 L3
     3                           	; Copyright (C) 1984-2009 HI-TECH Software
     4                           
     5                           	; Auto-generated runtime startup code for final
                                  link stage.
     6                           
     7                           	;
     8                           	; Compiler options:
     9                           	;
    10                           	; -ointro.cof -mintro.map --summary=default --o
                                 utput=default lcd_lib.p1 \
    11                           	; keypad_update1.p1 keypad_lib.p1 --chip=18F458
                                 0 -P --runtime=default \
    12                           	; --opt=default,+asm,-speed,+space,9 --warn=0 -
                                 Blarge --double=24 \
    13                           	; --cp=16 --mode=pro -g --asmlist --errformat=E
                                 rror   [%n] %f; %l.%c %s \
    14                           	; --msgformat=Advisory[%n] %s --warnformat=Warn
                                 ing [%n] %f; %l.%c %s
    15                           	;
    16                           
    17                           
    18                           	GLOBAL	_main,start,_exit
    19                           	FNROOT	_main
    20                           
    21  000000                     	pic18cxx	equ	1
    22                           
    23                           	psect	config,class=CONFIG,delta=1
    24                           	psect	idloc,class=IDLOC,delta=1
    25                           	psect	eeprom_data,class=EEDATA,delta=1
    26                           	psect	const,class=CODE,delta=1,reloc=2
    27                           	psect	smallconst,class=SMALLCONST,delta=1,reloc
                                 =2
    28                           	psect	mediumconst,class=MEDIUMCONST,delta=1,rel
                                 oc=2
    29                           	psect	rbss,class=COMRAM,space=1
    30                           	psect	bss,class=RAM,space=1
    31                           	psect	rdata,class=COMRAM,space=1
    32                           	psect	irdata,class=CODE,space=0,reloc=2
    33                           	psect	bss,class=RAM,space=1
    34                           	psect	data,class=RAM,space=1
    35                           	psect	idata,class=CODE,space=0,reloc=2
    36                           	psect	nvram,class=NVRAM,space=1
    37                           	psect	nvrram,class=COMRAM,space=1
    38                           	psect	nvbit,class=COMRAM,bit,space=1
    39                           	psect	temp,ovrld,class=COMRAM,space=1
    40                           	psect	struct,ovrld,class=COMRAM,space=1
    41                           	psect	rbit,class=COMRAM,bit,space=1
    42                           	psect	bigbss,class=BIGRAM,space=1
    43                           	psect	bigdata,class=BIGRAM,space=1
    44                           	psect	ibigdata,class=CODE,space=0,reloc=2
    45                           	psect	farbss,class=FARRAM,space=0,reloc=2,delta
                                 =1
    46                           	psect	fardata,class=FARRAM,space=0,reloc=2,delt
                                 a=1
    47                           	psect	ifardata,class=CODE,space=0,reloc=2,delta
                                 =1
    48                           
    49                           	psect	reset_vec,class=CODE,delta=1,reloc=2
    50                           	psect	powerup,class=CODE,delta=1,reloc=2
    51                           	psect	intcode,class=CODE,delta=1,reloc=2
    52                           	psect	intcodelo,class=CODE,delta=1,reloc=2
    53                           	psect	intret,class=CODE,delta=1,reloc=2
    54                           	psect	intentry,class=CODE,delta=1,reloc=2
    55                           
    56                           	psect	intsave_regs,class=BIGRAM,space=1
    57                           	psect	init,class=CODE,delta=1,reloc=2
    58                           	psect	text,class=CODE,delta=1,reloc=2
    59                           GLOBAL	intlevel0,intlevel1,intlevel2
    60  000B5E                     intlevel0:
    61  000B5E                     intlevel1:
    62  000B5E                     intlevel2:
    63                           GLOBAL	intlevel3
    64  000B5E                     intlevel3:
    65                           	psect	end_init,class=CODE,delta=1,reloc=2
    66                           	psect	clrtext,class=CODE,delta=1,reloc=2
    67                           
    68                           	psect	rparam,class=COMRAM,space=1
    69                           	psect	param0,class=BANK0,space=1
    70                           	psect	param1,class=BANK1,space=1
    71                           	psect	param2,class=BANK2,space=1
    72                           	psect	param3,class=BANK3,space=1
    73                           	psect	param4,class=BANK4,space=1
    74                           	psect	param5,class=BANK5,space=1
    75  000000                     wreg	EQU	0FE8h
    76  000000                     fsr0l	EQU	0FE9h
    77  000000                     fsr0h	EQU	0FEAh
    78  000000                     fsr1l	EQU	0FE1h
    79  000000                     fsr1h	EQU	0FE2h
    80  000000                     fsr2l	EQU	0FD9h
    81  000000                     fsr2h	EQU	0FDAh
    82  000000                     postinc0	EQU	0FEEh
    83  000000                     postdec0	EQU	0FEDh
    84  000000                     postinc1	EQU	0FE6h
    85  000000                     postdec1	EQU	0FE5h
    86  000000                     postinc2	EQU	0FDEh
    87  000000                     postdec2	EQU	0FDDh
    88  000000                     tblptrl	EQU	0FF6h
    89  000000                     tblptrh	EQU	0FF7h
    90  000000                     tblptru	EQU	0FF8h
    91  000000                     tablat		EQU	0FF5h
    92                           
    93                           	GLOBAL __accesstop
    94  000000                     __accesstop EQU 96
    95                           	PSECT	ramtop,class=RAM
    96                           	GLOBAL	__S1			; top of RAM usage
    97                           	GLOBAL	__ramtop
    98                           	GLOBAL	__LRAM,__HRAM
    99  000600                     __ramtop:
   100                           
   101                           	PSECT	reset_vec
   102  000000                     reset_pos:
   103                           
   104                           	PSECT	init
   105  000000                     start:
   106  000000                     _exit:
   107                           ; fardata psect  - 0 bytes to load
   108                           
   109                           ; farbss psect  - 0 bytes to clear
   110                           
   111                           ; bigdata psect - 0 bytes to load
   112                           
   113                           ; data0 psect - 5 bytes to load
   114                           GLOBAL	__Ldata0,__Lidata
   115  000000  EE00  F000         	lfsr	0,__Ldata0
   116                           	; load TBLPTR registers with __Lidata
   117  000004  0E34               	movlw	low (__Lidata)
   118  000006  6EF6               	movwf	tblptrl
   119  000008  0E06               	movlw	high(__Lidata)
   120  00000A  6EF7               	movwf	tblptrh
   121  00000C  EE10 F005          	lfsr	1,5	; loop variable
   122  000010  EC10  F000         	call	copy_data
   123                           
   124                           	PSECT	end_init
   125                           	GLOBAL	__Lsmallconst
   126  000014  0E00               	movlw	low highword(__Lsmallconst)
   127  000016  6EF8               	movwf	tblptru
   128  000018  0E06               	movlw	high(__Lsmallconst)
   129  00001A  6EF7               	movwf	tblptrh
   130  00001C  EF1D  F003         	goto	_main		;go do the main stuff
   131                           ; Copy the ROM data image to destination in RAM
   132  000020                     copy_data:
   133  000020  0009               	tblrd	*+
   134  000022  CFF5 FFEE          	movff	tablat,postinc0
   135  000026  50E5               	movf	postdec1,w	;decrement loop variable
   136  000028  50E1               	movf	fsr1l,w
   137  00002A  E1FA               	bnz	copy_data
   138  00002C  50E2               	movf	fsr1h,w
   139  00002E  E1F8               	bnz	copy_data
   140  000030  0012               	return


HI-TECH Software PICC-18 Macro Assembler V9.63PL3 build 4692 
Symbol Table                                           Wed Nov 17 09:00:17 2021

         __S1 0500          _main 063A          _exit 0000  
        fsr1h 000FE2          fsr1l 000FE1          start 0000  
       __HRAM 0000         __LRAM 0001         tablat 000FF5  
      tblptrh 000FF7        tblptrl 000FF6        tblptru 000FF8  
  __accesstop 000060       __Ldata0 0000       __Lidata 0634  
     __ramtop 0600       postdec1 000FE5       postinc0 000FEE  
__Lsmallconst 0600      copy_data 0020      intlevel0 0B5E  
    intlevel1 0B5E      intlevel2 0B5E      intlevel3 0B5E  
    reset_pos 0000  
